[ 2017-09-15T16:08:02+08:00 ] ::1 /shop/index.php/home/user/checklogin
INFO: [ app_begin ] --START--
INFO: Run Behavior\ReadHtmlCacheBehavior [ RunTime:0.001000s ]
INFO: [ app_begin ] --END-- [ RunTime:0.001000s ]
SQL: SHOW COLUMNS FROM `sp_category` [ RunTime:0.0000s ]
SQL: SELECT * FROM `sp_category` WHERE `type` = 1  [ RunTime:0.0000s ]
SQL: SHOW COLUMNS FROM `sp_article` [ RunTime:0.0156s ]
SQL: SELECT * FROM `sp_article` WHERE `cateid` = 5  [ RunTime:0.0000s ]
SQL: SELECT * FROM `sp_article` WHERE `cateid` = 2  [ RunTime:0.0000s ]
SQL: SELECT * FROM `sp_article` WHERE `cateid` = 6  [ RunTime:0.0000s ]
SQL: SELECT * FROM `sp_article` WHERE `cateid` = 7  [ RunTime:0.0000s ]
SQL: SHOW COLUMNS FROM `sp_nav` [ RunTime:0.0000s ]
SQL: SELECT * FROM `sp_nav`  [ RunTime:0.0000s ]
SQL: SHOW COLUMNS FROM `sp_config` [ RunTime:0.0000s ]
SQL: SELECT `enname`,`value` FROM `sp_config`  [ RunTime:0.0000s ]
INFO: [ app_end ] --START--
INFO: Run Behavior\ShowPageTraceBehavior [ RunTime:0.000000s ]
INFO: [ app_end ] --END-- [ RunTime:0.000000s ]

[ 2017-09-15T16:08:06+08:00 ] ::1 /shop/index.php/home/user/checklogin
INFO: [ app_begin ] --START--
INFO: Run Behavior\ReadHtmlCacheBehavior [ RunTime:0.001000s ]
INFO: [ app_begin ] --END-- [ RunTime:0.001000s ]
SQL: SHOW COLUMNS FROM `sp_category` [ RunTime:0.0140s ]
SQL: SELECT * FROM `sp_category` WHERE `type` = 1  [ RunTime:0.0010s ]
SQL: SHOW COLUMNS FROM `sp_article` [ RunTime:0.0090s ]
SQL: SELECT * FROM `sp_article` WHERE `cateid` = 5  [ RunTime:0.0000s ]
SQL: SELECT * FROM `sp_article` WHERE `cateid` = 2  [ RunTime:0.0000s ]
SQL: SELECT * FROM `sp_article` WHERE `cateid` = 6  [ RunTime:0.0000s ]
SQL: SELECT * FROM `sp_article` WHERE `cateid` = 7  [ RunTime:0.0000s ]
SQL: SHOW COLUMNS FROM `sp_nav` [ RunTime:0.0050s ]
SQL: SELECT * FROM `sp_nav`  [ RunTime:0.0000s ]
SQL: SHOW COLUMNS FROM `sp_config` [ RunTime:0.0060s ]
SQL: SELECT `enname`,`value` FROM `sp_config`  [ RunTime:0.0010s ]
INFO: [ app_end ] --START--
INFO: Run Behavior\ShowPageTraceBehavior [ RunTime:0.001000s ]
INFO: [ app_end ] --END-- [ RunTime:0.001000s ]

