[ 2017-09-14T15:09:52+08:00 ] ::1 /shop/index.php/home/user/checklogin
INFO: [ app_begin ] --START--
INFO: Run Behavior\ReadHtmlCacheBehavior [ RunTime:0.000000s ]
INFO: [ app_begin ] --END-- [ RunTime:0.000000s ]
SQL: SHOW COLUMNS FROM `sp_category` [ RunTime:0.0000s ]
SQL: SELECT * FROM `sp_category` WHERE `type` = 1  [ RunTime:0.0000s ]
SQL: SHOW COLUMNS FROM `sp_article` [ RunTime:0.0166s ]
SQL: SELECT * FROM `sp_article` WHERE `cateid` = 5  [ RunTime:0.0000s ]
SQL: SELECT * FROM `sp_article` WHERE `cateid` = 2  [ RunTime:0.0000s ]
SQL: SELECT * FROM `sp_article` WHERE `cateid` = 6  [ RunTime:0.0000s ]
SQL: SELECT * FROM `sp_article` WHERE `cateid` = 7  [ RunTime:0.0000s ]
SQL: SHOW COLUMNS FROM `sp_nav` [ RunTime:0.0000s ]
SQL: SELECT * FROM `sp_nav`  [ RunTime:0.0156s ]
SQL: SHOW COLUMNS FROM `sp_config` [ RunTime:0.0000s ]
SQL: SELECT `enname`,`value` FROM `sp_config`  [ RunTime:0.0000s ]
INFO: [ app_end ] --START--
INFO: Run Behavior\ShowPageTraceBehavior [ RunTime:0.000000s ]
INFO: [ app_end ] --END-- [ RunTime:0.000000s ]

[ 2017-09-14T15:09:57+08:00 ] ::1 /shop/index.php/home/user/checklogin
INFO: [ app_begin ] --START--
INFO: Run Behavior\ReadHtmlCacheBehavior [ RunTime:0.001000s ]
INFO: [ app_begin ] --END-- [ RunTime:0.001000s ]
SQL: SHOW COLUMNS FROM `sp_category` [ RunTime:0.0156s ]
SQL: SELECT * FROM `sp_category` WHERE `type` = 1  [ RunTime:0.0000s ]
SQL: SHOW COLUMNS FROM `sp_article` [ RunTime:0.0156s ]
SQL: SELECT * FROM `sp_article` WHERE `cateid` = 5  [ RunTime:0.0000s ]
SQL: SELECT * FROM `sp_article` WHERE `cateid` = 2  [ RunTime:0.0000s ]
SQL: SELECT * FROM `sp_article` WHERE `cateid` = 6  [ RunTime:0.0000s ]
SQL: SELECT * FROM `sp_article` WHERE `cateid` = 7  [ RunTime:0.0000s ]
SQL: SHOW COLUMNS FROM `sp_nav` [ RunTime:0.0000s ]
SQL: SELECT * FROM `sp_nav`  [ RunTime:0.0000s ]
SQL: SHOW COLUMNS FROM `sp_config` [ RunTime:0.0000s ]
SQL: SELECT `enname`,`value` FROM `sp_config`  [ RunTime:0.0000s ]
INFO: [ app_end ] --START--
INFO: Run Behavior\ShowPageTraceBehavior [ RunTime:0.000000s ]
INFO: [ app_end ] --END-- [ RunTime:0.000000s ]

[ 2017-09-14T15:20:33+08:00 ] ::1 /shop/index.php/home/user/checklogin
INFO: [ app_begin ] --START--
INFO: Run Behavior\ReadHtmlCacheBehavior [ RunTime:0.000000s ]
INFO: [ app_begin ] --END-- [ RunTime:0.001000s ]
SQL: SHOW COLUMNS FROM `sp_category` [ RunTime:0.0156s ]
SQL: SELECT * FROM `sp_category` WHERE `type` = 1  [ RunTime:0.0000s ]
SQL: SHOW COLUMNS FROM `sp_article` [ RunTime:0.0156s ]
SQL: SELECT * FROM `sp_article` WHERE `cateid` = 5  [ RunTime:0.0000s ]
SQL: SELECT * FROM `sp_article` WHERE `cateid` = 2  [ RunTime:0.0000s ]
SQL: SELECT * FROM `sp_article` WHERE `cateid` = 6  [ RunTime:0.0000s ]
SQL: SELECT * FROM `sp_article` WHERE `cateid` = 7  [ RunTime:0.0000s ]
SQL: SHOW COLUMNS FROM `sp_nav` [ RunTime:0.0196s ]
SQL: SELECT * FROM `sp_nav`  [ RunTime:0.0000s ]
SQL: SHOW COLUMNS FROM `sp_config` [ RunTime:0.0000s ]
SQL: SELECT `enname`,`value` FROM `sp_config`  [ RunTime:0.0000s ]
INFO: [ app_end ] --START--
INFO: Run Behavior\ShowPageTraceBehavior [ RunTime:0.000000s ]
INFO: [ app_end ] --END-- [ RunTime:0.000000s ]

[ 2017-09-14T15:20:35+08:00 ] ::1 /shop/index.php/home/user/checklogin
INFO: [ app_begin ] --START--
INFO: Run Behavior\ReadHtmlCacheBehavior [ RunTime:0.000000s ]
INFO: [ app_begin ] --END-- [ RunTime:0.001000s ]
SQL: SHOW COLUMNS FROM `sp_category` [ RunTime:0.0196s ]
SQL: SELECT * FROM `sp_category` WHERE `type` = 1  [ RunTime:0.0000s ]
SQL: SHOW COLUMNS FROM `sp_article` [ RunTime:0.0156s ]
SQL: SELECT * FROM `sp_article` WHERE `cateid` = 5  [ RunTime:0.0000s ]
SQL: SELECT * FROM `sp_article` WHERE `cateid` = 2  [ RunTime:0.0000s ]
SQL: SELECT * FROM `sp_article` WHERE `cateid` = 6  [ RunTime:0.0000s ]
SQL: SELECT * FROM `sp_article` WHERE `cateid` = 7  [ RunTime:0.0000s ]
SQL: SHOW COLUMNS FROM `sp_nav` [ RunTime:0.0000s ]
SQL: SELECT * FROM `sp_nav`  [ RunTime:0.0000s ]
SQL: SHOW COLUMNS FROM `sp_config` [ RunTime:0.0156s ]
SQL: SELECT `enname`,`value` FROM `sp_config`  [ RunTime:0.0000s ]
INFO: [ app_end ] --START--
INFO: Run Behavior\ShowPageTraceBehavior [ RunTime:0.000000s ]
INFO: [ app_end ] --END-- [ RunTime:0.000000s ]

[ 2017-09-14T15:20:36+08:00 ] ::1 /shop/index.php/home/user/checklogin
INFO: [ app_begin ] --START--
INFO: Run Behavior\ReadHtmlCacheBehavior [ RunTime:0.000000s ]
INFO: [ app_begin ] --END-- [ RunTime:0.001000s ]
SQL: SHOW COLUMNS FROM `sp_category` [ RunTime:0.0100s ]
SQL: SELECT * FROM `sp_category` WHERE `type` = 1  [ RunTime:0.0000s ]
SQL: SHOW COLUMNS FROM `sp_article` [ RunTime:0.0070s ]
SQL: SELECT * FROM `sp_article` WHERE `cateid` = 5  [ RunTime:0.0000s ]
SQL: SELECT * FROM `sp_article` WHERE `cateid` = 2  [ RunTime:0.0010s ]
SQL: SELECT * FROM `sp_article` WHERE `cateid` = 6  [ RunTime:0.0010s ]
SQL: SELECT * FROM `sp_article` WHERE `cateid` = 7  [ RunTime:0.0010s ]
SQL: SHOW COLUMNS FROM `sp_nav` [ RunTime:0.0070s ]
SQL: SELECT * FROM `sp_nav`  [ RunTime:0.0010s ]
SQL: SHOW COLUMNS FROM `sp_config` [ RunTime:0.0080s ]
SQL: SELECT `enname`,`value` FROM `sp_config`  [ RunTime:0.0000s ]
INFO: [ app_end ] --START--
INFO: Run Behavior\ShowPageTraceBehavior [ RunTime:0.001000s ]
INFO: [ app_end ] --END-- [ RunTime:0.001000s ]

[ 2017-09-14T15:20:40+08:00 ] ::1 /shop/index.php/home/user/checklogin
INFO: [ app_begin ] --START--
INFO: Run Behavior\ReadHtmlCacheBehavior [ RunTime:0.001000s ]
INFO: [ app_begin ] --END-- [ RunTime:0.002000s ]
SQL: SHOW COLUMNS FROM `sp_category` [ RunTime:0.0170s ]
SQL: SELECT * FROM `sp_category` WHERE `type` = 1  [ RunTime:0.0000s ]
SQL: SHOW COLUMNS FROM `sp_article` [ RunTime:0.0156s ]
SQL: SELECT * FROM `sp_article` WHERE `cateid` = 5  [ RunTime:0.0000s ]
SQL: SELECT * FROM `sp_article` WHERE `cateid` = 2  [ RunTime:0.0000s ]
SQL: SELECT * FROM `sp_article` WHERE `cateid` = 6  [ RunTime:0.0000s ]
SQL: SELECT * FROM `sp_article` WHERE `cateid` = 7  [ RunTime:0.0000s ]
SQL: SHOW COLUMNS FROM `sp_nav` [ RunTime:0.0156s ]
SQL: SELECT * FROM `sp_nav`  [ RunTime:0.0000s ]
SQL: SHOW COLUMNS FROM `sp_config` [ RunTime:0.0156s ]
SQL: SELECT `enname`,`value` FROM `sp_config`  [ RunTime:0.0000s ]
INFO: [ app_end ] --START--
INFO: Run Behavior\ShowPageTraceBehavior [ RunTime:0.000000s ]
INFO: [ app_end ] --END-- [ RunTime:0.000000s ]

[ 2017-09-14T15:20:46+08:00 ] ::1 /shop/index.php/home/user/checklogin
INFO: [ app_begin ] --START--
INFO: Run Behavior\ReadHtmlCacheBehavior [ RunTime:0.001000s ]
INFO: [ app_begin ] --END-- [ RunTime:0.001000s ]
SQL: SHOW COLUMNS FROM `sp_category` [ RunTime:0.0130s ]
SQL: SELECT * FROM `sp_category` WHERE `type` = 1  [ RunTime:0.0010s ]
SQL: SHOW COLUMNS FROM `sp_article` [ RunTime:0.0100s ]
SQL: SELECT * FROM `sp_article` WHERE `cateid` = 5  [ RunTime:0.0010s ]
SQL: SELECT * FROM `sp_article` WHERE `cateid` = 2  [ RunTime:0.0000s ]
SQL: SELECT * FROM `sp_article` WHERE `cateid` = 6  [ RunTime:0.0000s ]
SQL: SELECT * FROM `sp_article` WHERE `cateid` = 7  [ RunTime:0.0000s ]
SQL: SHOW COLUMNS FROM `sp_nav` [ RunTime:0.0000s ]
SQL: SELECT * FROM `sp_nav`  [ RunTime:0.0000s ]
SQL: SHOW COLUMNS FROM `sp_config` [ RunTime:0.0156s ]
SQL: SELECT `enname`,`value` FROM `sp_config`  [ RunTime:0.0000s ]
INFO: [ app_end ] --START--
INFO: Run Behavior\ShowPageTraceBehavior [ RunTime:0.000000s ]
INFO: [ app_end ] --END-- [ RunTime:0.000000s ]

[ 2017-09-14T15:21:16+08:00 ] ::1 /shop/index.php/home/user/checklogin
INFO: [ app_begin ] --START--
INFO: Run Behavior\ReadHtmlCacheBehavior [ RunTime:0.002000s ]
INFO: [ app_begin ] --END-- [ RunTime:0.002000s ]
SQL: SHOW COLUMNS FROM `sp_category` [ RunTime:0.0120s ]
SQL: SELECT * FROM `sp_category` WHERE `type` = 1  [ RunTime:0.0010s ]
SQL: SHOW COLUMNS FROM `sp_article` [ RunTime:0.0090s ]
SQL: SELECT * FROM `sp_article` WHERE `cateid` = 5  [ RunTime:0.0010s ]
SQL: SELECT * FROM `sp_article` WHERE `cateid` = 2  [ RunTime:0.0010s ]
SQL: SELECT * FROM `sp_article` WHERE `cateid` = 6  [ RunTime:0.0010s ]
SQL: SELECT * FROM `sp_article` WHERE `cateid` = 7  [ RunTime:0.0000s ]
SQL: SHOW COLUMNS FROM `sp_nav` [ RunTime:0.0060s ]
SQL: SELECT * FROM `sp_nav`  [ RunTime:0.0000s ]
SQL: SHOW COLUMNS FROM `sp_config` [ RunTime:0.0070s ]
SQL: SELECT `enname`,`value` FROM `sp_config`  [ RunTime:0.0010s ]
INFO: [ app_end ] --START--
INFO: Run Behavior\ShowPageTraceBehavior [ RunTime:0.002001s ]
INFO: [ app_end ] --END-- [ RunTime:0.002001s ]

[ 2017-09-14T15:21:19+08:00 ] ::1 /shop/index.php/home/user/checklogin
INFO: [ app_begin ] --START--
INFO: Run Behavior\ReadHtmlCacheBehavior [ RunTime:0.001000s ]
INFO: [ app_begin ] --END-- [ RunTime:0.002000s ]
SQL: SHOW COLUMNS FROM `sp_category` [ RunTime:0.0000s ]
SQL: SELECT * FROM `sp_category` WHERE `type` = 1  [ RunTime:0.0000s ]
SQL: SHOW COLUMNS FROM `sp_article` [ RunTime:0.0166s ]
SQL: SELECT * FROM `sp_article` WHERE `cateid` = 5  [ RunTime:0.0010s ]
SQL: SELECT * FROM `sp_article` WHERE `cateid` = 2  [ RunTime:0.0010s ]
SQL: SELECT * FROM `sp_article` WHERE `cateid` = 6  [ RunTime:0.0000s ]
SQL: SELECT * FROM `sp_article` WHERE `cateid` = 7  [ RunTime:0.0000s ]
SQL: SHOW COLUMNS FROM `sp_nav` [ RunTime:0.0000s ]
SQL: SELECT * FROM `sp_nav`  [ RunTime:0.0000s ]
SQL: SHOW COLUMNS FROM `sp_config` [ RunTime:0.0000s ]
SQL: SELECT `enname`,`value` FROM `sp_config`  [ RunTime:0.0156s ]
INFO: [ app_end ] --START--
INFO: Run Behavior\ShowPageTraceBehavior [ RunTime:0.000000s ]
INFO: [ app_end ] --END-- [ RunTime:0.000000s ]

[ 2017-09-14T15:21:23+08:00 ] ::1 /shop/index.php/home/user/checklogin
INFO: [ app_begin ] --START--
INFO: Run Behavior\ReadHtmlCacheBehavior [ RunTime:0.001000s ]
INFO: [ app_begin ] --END-- [ RunTime:0.002000s ]
SQL: SHOW COLUMNS FROM `sp_category` [ RunTime:0.0156s ]
SQL: SELECT * FROM `sp_category` WHERE `type` = 1  [ RunTime:0.0000s ]
SQL: SHOW COLUMNS FROM `sp_article` [ RunTime:0.0156s ]
SQL: SELECT * FROM `sp_article` WHERE `cateid` = 5  [ RunTime:0.0000s ]
SQL: SELECT * FROM `sp_article` WHERE `cateid` = 2  [ RunTime:0.0000s ]
SQL: SELECT * FROM `sp_article` WHERE `cateid` = 6  [ RunTime:0.0000s ]
SQL: SELECT * FROM `sp_article` WHERE `cateid` = 7  [ RunTime:0.0000s ]
SQL: SHOW COLUMNS FROM `sp_nav` [ RunTime:0.0156s ]
SQL: SELECT * FROM `sp_nav`  [ RunTime:0.0000s ]
SQL: SHOW COLUMNS FROM `sp_config` [ RunTime:0.0156s ]
SQL: SELECT `enname`,`value` FROM `sp_config`  [ RunTime:0.0000s ]
INFO: [ app_end ] --START--
INFO: Run Behavior\ShowPageTraceBehavior [ RunTime:0.015600s ]
INFO: [ app_end ] --END-- [ RunTime:0.015600s ]

