[ 2017-08-17T19:27:38+08:00 ] ::1 /shop/index.php/index.html
ERR: 无法加载模块:Index

[ 2017-08-17T19:27:47+08:00 ] ::1 /shop/index.php/Index/index.html
ERR: 无法加载模块:Index

[ 2017-08-17T19:27:51+08:00 ] ::1 /shop/index.php/Index/index.html
ERR: 无法加载模块:Index

[ 2017-08-17T19:27:52+08:00 ] ::1 /shop/index.php/Index/index.html
ERR: 无法加载模块:Index

[ 2017-08-17T19:27:53+08:00 ] ::1 /shop/index.php/Index/index.html
ERR: 无法加载模块:Index

[ 2017-08-17T19:27:53+08:00 ] ::1 /shop/index.php/Index/index.html
ERR: 无法加载模块:Index

[ 2017-08-17T19:28:00+08:00 ] ::1 /shop/style/hm.js
ERR: 无法加载模块:Style

[ 2017-08-17T19:28:00+08:00 ] ::1 /shop/style/common.js
ERR: 无法加载模块:Style

[ 2017-08-17T19:28:00+08:00 ] ::1 /shop/style/index.js
ERR: 无法加载模块:Style

[ 2017-08-17T19:28:00+08:00 ] ::1 /shop/list_files/transport.js
ERR: 无法加载模块:List_files

[ 2017-08-17T19:28:00+08:00 ] ::1 /shop/style/common.js
ERR: 无法加载模块:Style

[ 2017-08-17T19:28:00+08:00 ] ::1 /shop/list_files/utils.js
ERR: 无法加载模块:List_files

[ 2017-08-17T19:28:00+08:00 ] ::1 /shop/style/index.js
ERR: 无法加载模块:Style

[ 2017-08-17T19:28:00+08:00 ] ::1 /shop/list_files/transport.js
ERR: 无法加载模块:List_files

[ 2017-08-17T19:28:00+08:00 ] ::1 /shop/list_files/utils.js
ERR: 无法加载模块:List_files

[ 2017-08-17T19:28:01+08:00 ] ::1 /shop/mbmeilishuo/animated_favicon.gif
ERR: 无法加载模块:Mbmeilishuo

[ 2017-08-17T19:28:01+08:00 ] ::1 /shop/mbmeilishuo/favicon.ico
ERR: 无法加载模块:Mbmeilishuo

[ 2017-08-17T19:28:05+08:00 ] ::1 /shop/Public/style/siderIM_bg.gif
ERR: 无法加载模块:Public

[ 2017-08-17T20:52:47+08:00 ] ::1 /shop/index.php/Index/index.html
ERR: 无法加载模块:Index

[ 2017-08-17T20:52:51+08:00 ] ::1 /shop/style/hm.js
ERR: 无法加载模块:Style

[ 2017-08-17T20:52:51+08:00 ] ::1 /shop/style/index.js
ERR: 无法加载模块:Style

[ 2017-08-17T20:52:51+08:00 ] ::1 /shop/style/common.js
ERR: 无法加载模块:Style

[ 2017-08-17T20:52:51+08:00 ] ::1 /shop/list_files/transport.js
ERR: 无法加载模块:List_files

[ 2017-08-17T20:52:51+08:00 ] ::1 /shop/style/index.js
ERR: 无法加载模块:Style

[ 2017-08-17T20:52:51+08:00 ] ::1 /shop/list_files/utils.js
ERR: 无法加载模块:List_files

[ 2017-08-17T20:52:51+08:00 ] ::1 /shop/list_files/transport.js
ERR: 无法加载模块:List_files

[ 2017-08-17T20:52:51+08:00 ] ::1 /shop/list_files/utils.js
ERR: 无法加载模块:List_files

[ 2017-08-17T20:52:56+08:00 ] ::1 /shop/Public/style/siderIM_bg.gif
ERR: 无法加载模块:Public

