[ 2017-06-30T17:42:21+08:00 ] ::1 /shop/style/common.js
ERR: 无法加载模块:Style

[ 2017-06-30T17:42:21+08:00 ] ::1 /shop/style/hm.js
ERR: 无法加载模块:Style



[ 2017-06-30T17:42:21+08:00 ] ::1 /shop/list_files/transport.js
ERR: 无法加载模块:List_files

[ 2017-06-30T17:42:21+08:00 ] ::1 /shop/list_files/utils.js
ERR: 无法加载模块:List_files

[ 2017-06-30T17:42:22+08:00 ] ::1 /shop/mbmeilishuo/animated_favicon.gif
ERR: 无法加载模块:Mbmeilishuo

[ 2017-06-30T17:42:22+08:00 ] ::1 /shop/mbmeilishuo/favicon.ico
ERR: 无法加载模块:Mbmeilishuo

[ 2017-06-30T17:44:34+08:00 ] ::1 /shop/index.php/index.html
ERR: 无法加载模块:Index

[ 2017-06-30T18:35:38+08:00 ] ::1 /shop/style/index.js
ERR: 无法加载模块:Style

[ 2017-06-30T18:35:38+08:00 ] ::1 /shop/list_files/transport.js
ERR: 无法加载模块:List_files

[ 2017-06-30T18:35:38+08:00 ] ::1 /shop/style/common.js
ERR: 无法加载模块:Style

[ 2017-06-30T18:35:38+08:00 ] ::1 /shop/list_files/utils.js
ERR: 无法加载模块:List_files

[ 2017-06-30T18:35:38+08:00 ] ::1 /shop/style/hm.js
ERR: 无法加载模块:Style

[ 2017-06-30T18:35:39+08:00 ] ::1 /shop/Public/style/siderIM_bg.gif
ERR: 无法加载模块:Public

[ 2017-06-30T22:23:56+08:00 ] ::1 /shop/style/hm.js
ERR: 无法加载模块:Style

[ 2017-06-30T22:23:56+08:00 ] ::1 /shop/style/index.js
ERR: 无法加载模块:Style

[ 2017-06-30T22:23:56+08:00 ] ::1 /shop/list_files/transport.js
ERR: 无法加载模块:List_files

[ 2017-06-30T22:23:56+08:00 ] ::1 /shop/list_files/utils.js
ERR: 无法加载模块:List_files

[ 2017-06-30T22:23:56+08:00 ] ::1 /shop/style/common.js
ERR: 无法加载模块:Style

[ 2017-06-30T22:24:02+08:00 ] ::1 /shop/Public/style/siderIM_bg.gif
ERR: 无法加载模块:Public

[ 2017-06-30T22:24:19+08:00 ] ::1 /shop/Public/style/siderIM_bottom.gif
ERR: 无法加载模块:Public

[ 2017-06-30T22:24:19+08:00 ] ::1 /shop/Public/style/siderIM_title.gif
ERR: 无法加载模块:Public

[ 2017-06-30T22:24:19+08:00 ] ::1 /shop/Public/style/siderIM_infobox.gif
ERR: 无法加载模块:Public

[ 2017-06-30T22:24:41+08:00 ] ::1 /shop/13
ERR: 无法加载模块:13

[ 2017-06-30T22:27:38+08:00 ] ::1 /shop/style/common.js
ERR: 无法加载模块:Style

[ 2017-06-30T22:27:38+08:00 ] ::1 /shop/style/hm.js
ERR: 无法加载模块:Style

[ 2017-06-30T22:27:38+08:00 ] ::1 /shop/list_files/transport.js
ERR: 无法加载模块:List_files

[ 2017-06-30T22:27:38+08:00 ] ::1 /shop/list_files/utils.js
ERR: 无法加载模块:List_files

[ 2017-06-30T22:27:38+08:00 ] ::1 /shop/Public/style/siderIM_bg.gif
ERR: 无法加载模块:Public

[ 2017-06-30T22:33:49+08:00 ] ::1 /shop/style/common.js
ERR: 无法加载模块:Style

[ 2017-06-30T22:33:49+08:00 ] ::1 /shop/style/hm.js
ERR: 无法加载模块:Style

[ 2017-06-30T22:33:49+08:00 ] ::1 /shop/style/index.js
ERR: 无法加载模块:Style

[ 2017-06-30T22:33:49+08:00 ] ::1 /shop/list_files/transport.js
ERR: 无法加载模块:List_files

[ 2017-06-30T22:33:49+08:00 ] ::1 /shop/list_files/utils.js
ERR: 无法加载模块:List_files

[ 2017-06-30T22:33:49+08:00 ] ::1 /shop/Public/style/siderIM_bg.gif
ERR: 无法加载模块:Public

[ 2017-06-30T22:33:50+08:00 ] ::1 /shop/mbmeilishuo/animated_favicon.gif
ERR: 无法加载模块:Mbmeilishuo

[ 2017-06-30T22:33:50+08:00 ] ::1 /shop/mbmeilishuo/favicon.ico
ERR: 无法加载模块:Mbmeilishuo

[ 2017-06-30T23:17:24+08:00 ] ::1 /shop/style/hm.js
ERR: 无法加载模块:Style

[ 2017-06-30T23:17:24+08:00 ] ::1 /shop/style/common.js
ERR: 无法加载模块:Style

[ 2017-06-30T23:17:24+08:00 ] ::1 /shop/list_files/utils.js
ERR: 无法加载模块:List_files

[ 2017-06-30T23:17:24+08:00 ] ::1 /shop/list_files/transport.js
ERR: 无法加载模块:List_files

[ 2017-06-30T23:17:24+08:00 ] ::1 /shop/style/index.js
ERR: 无法加载模块:Style

[ 2017-06-30T23:17:24+08:00 ] ::1 /shop/Public/style/siderIM_bg.gif
ERR: 无法加载模块:Public

[ 2017-06-30T23:17:25+08:00 ] ::1 /shop/mbmeilishuo/animated_favicon.gif
ERR: 无法加载模块:Mbmeilishuo

[ 2017-06-30T23:17:25+08:00 ] ::1 /shop/mbmeilishuo/favicon.ico
ERR: 无法加载模块:Mbmeilishuo

[ 2017-06-30T23:17:37+08:00 ] ::1 /shop/style/hm.js
ERR: 无法加载模块:Style

[ 2017-06-30T23:17:37+08:00 ] ::1 /shop/style/common.js
ERR: 无法加载模块:Style

[ 2017-06-30T23:17:37+08:00 ] ::1 /shop/list_files/utils.js
ERR: 无法加载模块:List_files

[ 2017-06-30T23:17:37+08:00 ] ::1 /shop/style/index.js
ERR: 无法加载模块:Style

[ 2017-06-30T23:17:37+08:00 ] ::1 /shop/list_files/transport.js
ERR: 无法加载模块:List_files

[ 2017-06-30T23:17:37+08:00 ] ::1 /shop/Public/style/siderIM_bg.gif
ERR: 无法加载模块:Public

[ 2017-06-30T23:17:59+08:00 ] ::1 /shop/style/common.js
ERR: 无法加载模块:Style

[ 2017-06-30T23:17:59+08:00 ] ::1 /shop/style/hm.js
ERR: 无法加载模块:Style

[ 2017-06-30T23:17:59+08:00 ] ::1 /shop/list_files/utils.js
ERR: 无法加载模块:List_files

[ 2017-06-30T23:17:59+08:00 ] ::1 /shop/style/index.js
ERR: 无法加载模块:Style

[ 2017-06-30T23:17:59+08:00 ] ::1 /shop/list_files/transport.js
ERR: 无法加载模块:List_files

[ 2017-06-30T23:17:59+08:00 ] ::1 /shop/Public/style/siderIM_bg.gif
ERR: 无法加载模块:Public

[ 2017-06-30T23:18:37+08:00 ] ::1 /shop/style/common.js
ERR: 无法加载模块:Style

[ 2017-06-30T23:18:37+08:00 ] ::1 /shop/style/hm.js
ERR: 无法加载模块:Style

[ 2017-06-30T23:18:37+08:00 ] ::1 /shop/list_files/utils.js
ERR: 无法加载模块:List_files

[ 2017-06-30T23:18:37+08:00 ] ::1 /shop/style/index.js
ERR: 无法加载模块:Style

[ 2017-06-30T23:18:37+08:00 ] ::1 /shop/list_files/transport.js
ERR: 无法加载模块:List_files

[ 2017-06-30T23:18:37+08:00 ] ::1 /shop/Public/style/siderIM_bg.gif
ERR: 无法加载模块:Public

