[ 2017-09-04T12:27:09+08:00 ] ::1 /shop/style/hm.js
ERR: 无法加载模块:Style

[ 2017-09-04T12:27:09+08:00 ] ::1 /shop/style/common.js
ERR: 无法加载模块:Style

[ 2017-09-04T12:27:09+08:00 ] ::1 /shop/list_files/transport.js
ERR: 无法加载模块:List_files

[ 2017-09-04T12:27:09+08:00 ] ::1 /shop/list_files/utils.js
ERR: 无法加载模块:List_files

[ 2017-09-04T12:27:11+08:00 ] ::1 /shop/mbmeilishuo/animated_favicon.gif
ERR: 无法加载模块:Mbmeilishuo

[ 2017-09-04T12:27:11+08:00 ] ::1 /shop/mbmeilishuo/favicon.ico
ERR: 无法加载模块:Mbmeilishuo

[ 2017-09-04T14:45:45+08:00 ] ::1 /shop/style/index.js
ERR: 无法加载模块:Style

[ 2017-09-04T14:45:45+08:00 ] ::1 /shop/style/common.js
ERR: 无法加载模块:Style

[ 2017-09-04T14:45:45+08:00 ] ::1 /shop/style/hm.js
ERR: 无法加载模块:Style

[ 2017-09-04T14:45:45+08:00 ] ::1 /shop/list_files/transport.js
ERR: 无法加载模块:List_files

[ 2017-09-04T14:45:45+08:00 ] ::1 /shop/style/common.js
ERR: 无法加载模块:Style

[ 2017-09-04T14:45:45+08:00 ] ::1 /shop/list_files/utils.js
ERR: 无法加载模块:List_files

[ 2017-09-04T14:45:45+08:00 ] ::1 /shop/style/index.js
ERR: 无法加载模块:Style

[ 2017-09-04T14:45:45+08:00 ] ::1 /shop/list_files/transport.js
ERR: 无法加载模块:List_files

[ 2017-09-04T14:45:45+08:00 ] ::1 /shop/list_files/utils.js
ERR: 无法加载模块:List_files

[ 2017-09-04T14:46:00+08:00 ] ::1 /shop/Public/style/siderIM_bg.gif
ERR: 无法加载模块:Public

