[ 2017-08-19T15:07:09+08:00 ] ::1 /shop/style/hm.js
ERR: 无法加载模块:Style

[ 2017-08-19T15:07:09+08:00 ] ::1 /shop/style/index.js
ERR: 无法加载模块:Style


[ 2017-08-19T15:07:09+08:00 ] ::1 /shop/list_files/transport.js
ERR: 无法加载模块:List_files

[ 2017-08-19T15:07:09+08:00 ] ::1 /shop/list_files/utils.js
ERR: 无法加载模块:List_files

[ 2017-08-19T15:07:10+08:00 ] ::1 /shop/Public/style/siderIM_bg.gif
ERR: 无法加载模块:Public

[ 2017-08-19T15:07:10+08:00 ] ::1 /shop/mbmeilishuo/animated_favicon.gif
ERR: 无法加载模块:Mbmeilishuo

[ 2017-08-19T15:07:10+08:00 ] ::1 /shop/mbmeilishuo/favicon.ico
ERR: 无法加载模块:Mbmeilishuo

[ 2017-08-19T15:09:06+08:00 ] ::1 /shop/style/common.js
ERR: 无法加载模块:Style

[ 2017-08-19T15:09:06+08:00 ] ::1 /shop/style/hm.js
ERR: 无法加载模块:Style

[ 2017-08-19T15:09:06+08:00 ] ::1 /shop/style/index.js
ERR: 无法加载模块:Style

[ 2017-08-19T15:09:06+08:00 ] ::1 /shop/style/common.js
ERR: 无法加载模块:Style

[ 2017-08-19T15:09:06+08:00 ] ::1 /shop/list_files/transport.js
ERR: 无法加载模块:List_files

[ 2017-08-19T15:09:06+08:00 ] ::1 /shop/style/index.js
ERR: 无法加载模块:Style

_files

[ 2017-08-19T15:09:06+08:00 ] ::1 /shop/list_files/transport.js
ERR: 无法加载模块:List_files

[ 2017-08-19T15:09:06+08:00 ] ::1 /shop/list_files/utils.js
ERR: 无法加载模块:List_files

[ 2017-08-19T15:09:07+08:00 ] ::1 /shop/Public/style/siderIM_bg.gif
ERR: 无法加载模块:Public

[ 2017-08-19T15:09:31+08:00 ] ::1 /shop/style/hm.js
ERR: 无法加载模块:Style

[ 2017-08-19T15:09:31+08:00 ] ::1 /shop/style/common.js
ERR: 无法加载模块:Style

[ 2017-08-19T15:09:31+08:00 ] ::1 /shop/style/index.js
ERR: 无法加载模块:Style

[ 2017-08-19T15:09:31+08:00 ] ::1 /shop/list_files/transport.js
ERR: 无法加载模块:List_files

[ 2017-08-19T15:09:31+08:00 ] ::1 /shop/list_files/utils.js
ERR: 无法加载模块:List_files

[ 2017-08-19T15:09:31+08:00 ] ::1 /shop/Public/style/siderIM_bg.gif
ERR: 无法加载模块:Public

[ 2017-08-19T15:30:28+08:00 ] ::1 /shop/style/hm.js
ERR: 无法加载模块:Style

[ 2017-08-19T15:30:28+08:00 ] ::1 /shop/style/index.js
ERR: 无法加载模块:Style

[ 2017-08-19T15:30:28+08:00 ] ::1 /shop/style/common.js
ERR: 无法加载模块:Style

[ 2017-08-19T15:30:28+08:00 ] ::1 /shop/list_files/transport.js
ERR: 无法加载模块:List_files

[ 2017-08-19T15:30:28+08:00 ] ::1 /shop/style/index.js
ERR: 无法加载模块:Style

[ 2017-08-19T15:30:28+08:00 ] ::1 /shop/list_files/utils.js
ERR: 无法加载模块:List_files

[ 2017-08-19T15:30:28+08:00 ] ::1 /shop/list_files/transport.js
ERR: 无法加载模块:List_files

[ 2017-08-19T15:30:28+08:00 ] ::1 /shop/list_files/utils.js
ERR: 无法加载模块:List_files

[ 2017-08-19T15:30:57+08:00 ] ::1 /shop/Public/style/siderIM_bg.gif
ERR: 无法加载模块:Public

