[ 2017-07-01T10:31:40+08:00 ] ::1 /shop/style/hm.js
ERR: 无法加载模块:Style

[ 2017-07-01T10:31:40+08:00 ] ::1 /shop/list_files/utils.js
ERR: 无法加载模块:List_files

[ 2017-07-01T10:31:40+08:00 ] ::1 /shop/list_files/transport.js
ERR: 无法加载模块:List_files

[ 2017-07-01T10:31:40+08:00 ] ::1 /shop/style/common.js
ERR: 无法加载模块:Style

[ 2017-07-01T10:31:40+08:00 ] ::1 /shop/style/index.js
ERR: 无法加载模块:Style

[ 2017-07-01T10:31:41+08:00 ] ::1 /shop/mbmeilishuo/animated_favicon.gif
ERR: 无法加载模块:Mbmeilishuo

[ 2017-07-01T10:31:41+08:00 ] ::1 /shop/mbmeilishuo/favicon.ico
ERR: 无法加载模块:Mbmeilishuo

[ 2017-07-01T10:31:47+08:00 ] ::1 /shop/Public/style/siderIM_bg.gif
ERR: 无法加载模块:Public

[ 2017-07-01T10:47:24+08:00 ] ::1 /shop/style/hm.js
ERR: 无法加载模块:Style

[ 2017-07-01T10:47:24+08:00 ] ::1 /shop/style/common.js
ERR: 无法加载模块:Style

[ 2017-07-01T10:47:24+08:00 ] ::1 /shop/list_files/utils.js
ERR: 无法加载模块:List_files

[ 2017-07-01T10:47:24+08:00 ] ::1 /shop/list_files/transport.js
ERR: 无法加载模块:List_files

[ 2017-07-01T10:47:24+08:00 ] ::1 /shop/style/index.js
ERR: 无法加载模块:Style

[ 2017-07-01T10:48:13+08:00 ] ::1 /shop/mbmeilishuo/goods.php?id=134
ERR: 无法加载模块:Mbmeilishuo

[ 2017-07-01T10:48:55+08:00 ] ::1 /shop/style/hm.js
ERR: 无法加载模块:Style

[ 2017-07-01T10:48:55+08:00 ] ::1 /shop/style/index.js
ERR: 无法加载模块:Style

[ 2017-07-01T10:48:55+08:00 ] ::1 /shop/style/common.js
ERR: 无法加载模块:Style

[ 2017-07-01T10:48:55+08:00 ] ::1 /shop/list_files/transport.js
ERR: 无法加载模块:List_files

[ 2017-07-01T10:48:55+08:00 ] ::1 /shop/list_files/utils.js
ERR: 无法加载模块:List_files

[ 2017-07-01T10:48:55+08:00 ] ::1 /shop/Public/style/siderIM_bg.gif
ERR: 无法加载模块:Public

[ 2017-07-01T10:50:48+08:00 ] ::1 /shop/mbmeilishuo/category.php?id=132
ERR: 无法加载模块:Mbmeilishuo

[ 2017-07-01T10:50:59+08:00 ] ::1 /shop/style/hm.js
ERR: 无法加载模块:Style

[ 2017-07-01T10:50:59+08:00 ] ::1 /shop/style/common.js
ERR: 无法加载模块:Style

[ 2017-07-01T10:50:59+08:00 ] ::1 /shop/style/index.js
ERR: 无法加载模块:Style

[ 2017-07-01T10:50:59+08:00 ] ::1 /shop/list_files/transport.js
ERR: 无法加载模块:List_files

[ 2017-07-01T10:50:59+08:00 ] ::1 /shop/list_files/utils.js
ERR: 无法加载模块:List_files

[ 2017-07-01T10:50:59+08:00 ] ::1 /shop/Public/style/siderIM_bg.gif
ERR: 无法加载模块:Public

[ 2017-07-01T10:53:26+08:00 ] ::1 /shop/style/index.js
ERR: 无法加载模块:Style

[ 2017-07-01T10:53:26+08:00 ] ::1 /shop/style/common.js
ERR: 无法加载模块:Style

[ 2017-07-01T10:53:26+08:00 ] ::1 /shop/list_files/transport.js
ERR: 无法加载模块:List_files

[ 2017-07-01T10:53:26+08:00 ] ::1 /shop/style/hm.js
ERR: 无法加载模块:Style

[ 2017-07-01T10:53:26+08:00 ] ::1 /shop/list_files/utils.js
ERR: 无法加载模块:List_files

[ 2017-07-01T10:53:27+08:00 ] ::1 /shop/mbmeilishuo/goods.php?id=134
ERR: 无法加载模块:Mbmeilishuo

[ 2017-07-01T10:54:33+08:00 ] ::1 /shop/mbmeilishuo/goods.php?id=134
ERR: 无法加载模块:Mbmeilishuo

[ 2017-07-01T10:54:36+08:00 ] ::1 /shop/style/hm.js
ERR: 无法加载模块:Style

[ 2017-07-01T10:54:36+08:00 ] ::1 /shop/style/common.js
ERR: 无法加载模块:Style

[ 2017-07-01T10:54:36+08:00 ] ::1 /shop/style/index.js
ERR: 无法加载模块:Style

[ 2017-07-01T10:54:36+08:00 ] ::1 /shop/list_files/transport.js
ERR: 无法加载模块:List_files

[ 2017-07-01T10:54:36+08:00 ] ::1 /shop/list_files/utils.js
ERR: 无法加载模块:List_files

[ 2017-07-01T10:54:36+08:00 ] ::1 /shop/Public/style/siderIM_bg.gif
ERR: 无法加载模块:Public

[ 2017-07-01T11:05:10+08:00 ] ::1 /shop/Public/style/siderIM_bg.gif
ERR: 无法加载模块:Public

[ 2017-07-01T11:09:42+08:00 ] ::1 /shop/style/hm.js
ERR: 无法加载模块:Style

[ 2017-07-01T11:09:42+08:00 ] ::1 /shop/style/index.js
ERR: 无法加载模块:Style

[ 2017-07-01T11:09:42+08:00 ] ::1 /shop/list_files/transport.js
ERR: 无法加载模块:List_files

[ 2017-07-01T11:09:42+08:00 ] ::1 /shop/style/common.js
ERR: 无法加载模块:Style

[ 2017-07-01T11:09:42+08:00 ] ::1 /shop/list_files/utils.js
ERR: 无法加载模块:List_files

[ 2017-07-01T11:09:51+08:00 ] ::1 /shop/mbmeilishuo/flow.php
ERR: 无法加载模块:Mbmeilishuo

[ 2017-07-01T11:18:12+08:00 ] ::1 /shop/list_files/transport.js
ERR: 无法加载模块:List_files

[ 2017-07-01T11:18:12+08:00 ] ::1 /shop/style/index.js
ERR: 无法加载模块:Style

[ 2017-07-01T11:18:12+08:00 ] ::1 /shop/style/common.js
ERR: 无法加载模块:Style

[ 2017-07-01T11:18:12+08:00 ] ::1 /shop/style/hm.js
ERR: 无法加载模块:Style

[ 2017-07-01T11:18:12+08:00 ] ::1 /shop/list_files/utils.js
ERR: 无法加载模块:List_files

[ 2017-07-01T11:18:16+08:00 ] ::1 /shop/Public/style/siderIM_bg.gif
ERR: 无法加载模块:Public

[ 2017-07-01T11:26:43+08:00 ] ::1 /shop/mbmeilishuo/goods.php?id=134
ERR: 无法加载模块:Mbmeilishuo

[ 2017-07-01T12:04:13+08:00 ] ::1 /shop/mbmeilishuo/category.php?id=139
ERR: 无法加载模块:Mbmeilishuo

[ 2017-07-01T12:04:22+08:00 ] ::1 /shop/style/hm.js
ERR: 无法加载模块:Style

[ 2017-07-01T12:04:22+08:00 ] ::1 /shop/style/common.js
ERR: 无法加载模块:Style

[ 2017-07-01T12:04:22+08:00 ] ::1 /shop/style/index.js
ERR: 无法加载模块:Style

[ 2017-07-01T12:04:22+08:00 ] ::1 /shop/list_files/transport.js
ERR: 无法加载模块:List_files

[ 2017-07-01T12:04:22+08:00 ] ::1 /shop/list_files/utils.js
ERR: 无法加载模块:List_files

[ 2017-07-01T12:04:22+08:00 ] ::1 /shop/Public/style/siderIM_bg.gif
ERR: 无法加载模块:Public

