[ 2017-08-16T08:51:06+08:00 ] ::1 /shop/index.php/Admin/Ad/ajaxdeladpic/id/8
INFO: [ app_begin ] --START--
INFO: Run Behavior\ReadHtmlCacheBehavior [ RunTime:0.001000s ]
INFO: [ app_begin ] --END-- [ RunTime:0.001000s ]
SQL: SHOW COLUMNS FROM `sp_adpic` [ RunTime:0.0120s ]
SQL: SELECT * FROM `sp_adpic` WHERE `id` = 8 LIMIT 1   [ RunTime:0.0010s ]
SQL: DELETE FROM `sp_adpic` WHERE `id` = 8 [ RunTime:0.0010s ]
INFO: [ app_end ] --START--
INFO: Run Behavior\ShowPageTraceBehavior [ RunTime:0.000000s ]
INFO: [ app_end ] --END-- [ RunTime:0.000000s ]

[ 2017-08-16T08:51:10+08:00 ] ::1 /shop/index.php/Admin/Ad/ajaxdeladpic/id/8
INFO: [ app_begin ] --START--
INFO: Run Behavior\ReadHtmlCacheBehavior [ RunTime:0.000000s ]
INFO: [ app_begin ] --END-- [ RunTime:0.001001s ]
SQL: SHOW COLUMNS FROM `sp_adpic` [ RunTime:0.0156s ]
SQL: SELECT * FROM `sp_adpic` WHERE `id` = 8 LIMIT 1   [ RunTime:0.0000s ]
SQL: DELETE FROM `sp_adpic` WHERE `id` = 8 [ RunTime:0.0000s ]
INFO: [ app_end ] --START--
INFO: Run Behavior\ShowPageTraceBehavior [ RunTime:0.000000s ]
INFO: [ app_end ] --END-- [ RunTime:0.000000s ]

[ 2017-08-16T08:51:13+08:00 ] ::1 /shop/index.php/Admin/Ad/ajaxdeladpic/id/8
INFO: [ app_begin ] --START--
INFO: Run Behavior\ReadHtmlCacheBehavior [ RunTime:0.001000s ]
INFO: [ app_begin ] --END-- [ RunTime:0.002000s ]
SQL: SHOW COLUMNS FROM `sp_adpic` [ RunTime:0.0156s ]
SQL: SELECT * FROM `sp_adpic` WHERE `id` = 8 LIMIT 1   [ RunTime:0.0000s ]
SQL: DELETE FROM `sp_adpic` WHERE `id` = 8 [ RunTime:0.0000s ]
INFO: [ app_end ] --START--
INFO: Run Behavior\ShowPageTraceBehavior [ RunTime:0.000000s ]
INFO: [ app_end ] --END-- [ RunTime:0.000000s ]

[ 2017-08-16T08:51:16+08:00 ] ::1 /shop/index.php/Admin/Ad/ajaxdeladpic/id/8
INFO: [ app_begin ] --START--
INFO: Run Behavior\ReadHtmlCacheBehavior [ RunTime:0.001000s ]
INFO: [ app_begin ] --END-- [ RunTime:0.001000s ]
SQL: SHOW COLUMNS FROM `sp_adpic` [ RunTime:0.0156s ]
SQL: SELECT * FROM `sp_adpic` WHERE `id` = 8 LIMIT 1   [ RunTime:0.0000s ]
SQL: DELETE FROM `sp_adpic` WHERE `id` = 8 [ RunTime:0.0000s ]
INFO: [ app_end ] --START--
INFO: Run Behavior\ShowPageTraceBehavior [ RunTime:0.000000s ]
INFO: [ app_end ] --END-- [ RunTime:0.000000s ]

